INFO - Engine sparse can not handle formula 'Pmax=? ["notbad" U "goal"]' on models of type pomdp.
INFO - Analyzing property 'Pmax=? ["notbad" U "goal"]'

INFO - -------------------------------------------------------------- 
Model type: 	POMDP (sparse)
States: 	5976
Transitions: 	14373
Choices: 	10080
Observations: 	3300
Reward Models:  none
State Labels: 	5 labels
   * deadlock -> 0 item(s)
   * traps -> 96 item(s)
   * init -> 1 item(s)
   * notbad -> 4356 item(s)
   * goal -> 54 item(s)
Choice Labels: 	6 labels
   * west -> 1531 item(s)
   * east -> 1575 item(s)
   * south -> 1862 item(s)
   * north -> 1106 item(s)
   * adv -> 2331 item(s)
   * placement -> 1 item(s)
-------------------------------------------------------------- 

INFO - From initial state, one may not almost-surely reach the target .
INFO - Time for POMDP analysis: 45.386ss.

