INFO - Engine sparse can not handle formula 'Pmax=? ["notbad" U "goal"]' on models of type pomdp.
INFO - Analyzing property 'Pmax=? ["notbad" U "goal"]'

INFO - Computing the unfolding for memory bound 2 and memory pattern 'full' ...
INFO -  done.

INFO - Time for POMDP transformation(s): 0.006ss.

INFO - -------------------------------------------------------------- 
Model type: 	POMDP (sparse)
States: 	8463
Transitions: 	115462
Choices: 	49598
Observations: 	4403
Reward Models:  none
State Labels: 	5 labels
   * deadlock -> 0 item(s)
   * goal -> 120 item(s)
   * init -> 1 item(s)
   * notbad -> 8285 item(s)
   * traps -> 178 item(s)
Choice Labels: 	none
-------------------------------------------------------------- 

