INFO - Engine sparse can not handle formula 'Pmax=? ["notbad" U "goal"]' on models of type pomdp.
INFO - Analyzing property 'Pmax=? ["notbad" U "goal"]'

INFO - Computing the unfolding for memory bound 2 and memory pattern 'full' ...
INFO -  done.

INFO - Time for POMDP transformation(s): 0.016ss.

INFO - -------------------------------------------------------------- 
Model type: 	POMDP (sparse)
States: 	16215
Transitions: 	230278
Choices: 	95630
Observations: 	8343
Reward Models:  none
State Labels: 	5 labels
   * deadlock -> 0 item(s)
   * goal -> 168 item(s)
   * init -> 1 item(s)
   * notbad -> 15965 item(s)
   * traps -> 250 item(s)
Choice Labels: 	none
-------------------------------------------------------------- 

