INFO - Engine sparse can not handle formula 'Pmax=? ["notbad" U "goal"]' on models of type pomdp.
INFO - Analyzing property 'Pmax=? ["notbad" U "goal"]'

INFO - Computing the unfolding for memory bound 5 and memory pattern 'full' ...
INFO -  done.

INFO - Time for POMDP transformation(s): 0.000ss.

INFO - -------------------------------------------------------------- 
Model type: 	POMDP (sparse)
States: 	321
Transitions: 	10445
Choices: 	5955
Observations: 	16
Reward Models:  none
State Labels: 	5 labels
   * deadlock -> 0 item(s)
   * goal -> 5 item(s)
   * init -> 1 item(s)
   * notbad -> 296 item(s)
   * traps -> 25 item(s)
Choice Labels: 	none
-------------------------------------------------------------- 

INFO - From initial state, one can almost-surely reach the target.
INFO - Time for POMDP analysis: 194.940ss.

