INFO - Engine sparse can not handle formula 'Pmax=? ["notbad" U "goal"]' on models of type pomdp.
INFO - Analyzing property 'Pmax=? ["notbad" U "goal"]'

INFO - Computing the unfolding for memory bound 4 and memory pattern 'full' ...
INFO -  done.

INFO - Time for POMDP transformation(s): 0.001ss.

INFO - -------------------------------------------------------------- 
Model type: 	POMDP (sparse)
States: 	145
Transitions: 	3360
Choices: 	2020
Observations: 	13
Reward Models:  none
State Labels: 	5 labels
   * deadlock -> 0 item(s)
   * goal -> 4 item(s)
   * init -> 1 item(s)
   * notbad -> 125 item(s)
   * traps -> 20 item(s)
Choice Labels: 	none
-------------------------------------------------------------- 

INFO - From initial state, one may not almost-surely reach the target .
INFO - Time for POMDP analysis: 2.048ss.

