INFO - Engine sparse can not handle formula 'Pmax=? ["notbad" U "goal"]' on models of type pomdp.
INFO - Analyzing property 'Pmax=? ["notbad" U "goal"]'

INFO - -------------------------------------------------------------- 
Model type: 	POMDP (sparse)
States: 	302
Transitions: 	1545
Choices: 	875
Observations: 	35
Reward Models:  none
State Labels: 	6 labels
   * traps -> 6 item(s)
   * init -> 1 item(s)
   * stationvisit -> 22 item(s)
   * deadlock -> 0 item(s)
   * notbad -> 251 item(s)
   * goal -> 4 item(s)
Choice Labels: 	6 labels
   * refuel -> 18 item(s)
   * west -> 198 item(s)
   * east -> 203 item(s)
   * south -> 203 item(s)
   * north -> 198 item(s)
   * placement -> 1 item(s)
-------------------------------------------------------------- 

INFO - From initial state, one may not almost-surely reach the target .
INFO - Time for POMDP analysis: 0.196ss.

