INFO - Engine sparse can not handle formula 'Pmax=? ["notbad" U "goal"]' on models of type pomdp.
INFO - Analyzing property 'Pmax=? ["notbad" U "goal"]'

INFO - Computing the unfolding for memory bound 2 and memory pattern 'full' ...
INFO -  done.

INFO - Time for POMDP transformation(s): 0.001ss.

INFO - -------------------------------------------------------------- 
Model type: 	POMDP (sparse)
States: 	1631
Transitions: 	29160
Choices: 	17106
Observations: 	147
Reward Models:  none
State Labels: 	5 labels
   * deadlock -> 0 item(s)
   * goal -> 72 item(s)
   * rockposition -> 52 item(s)
   * init -> 1 item(s)
   * notbad -> 1619 item(s)
Choice Labels: 	none
-------------------------------------------------------------- 

