INFO - Engine sparse can not handle formula 'Pmax=? ["notbad" U "goal"]' on models of type pomdp.
INFO - Analyzing property 'Pmax=? ["notbad" U "goal"]'

INFO - -------------------------------------------------------------- 
Model type: 	POMDP (sparse)
States: 	5976
Transitions: 	14373
Choices: 	10080
Observations: 	3300
Reward Models:  none
State Labels: 	5 labels
   * deadlock -> 0 item(s)
   * traps -> 96 item(s)
   * init -> 1 item(s)
   * notbad -> 4356 item(s)
   * goal -> 54 item(s)
Choice Labels: 	6 labels
   * west -> 1531 item(s)
   * east -> 1575 item(s)
   * south -> 1862 item(s)
   * north -> 1106 item(s)
   * adv -> 2331 item(s)
   * placement -> 1 item(s)
-------------------------------------------------------------- 

INFO - Start intializing solver...
INFO - Start iterative solver...
INFO - Reset solver to restart with current winning region
INFO - Start intializing solver...
INFO - Start iterative solver...
INFO - ... after iteration 2 so far 628 checks.
INFO - Write to file avoid-6-3-fixpoint.wr.

INFO - Initial state is safe: 1
INFO - Total time: 167.224s
INFO - SAT Calls 629
INFO - SAT Calls time: 65.959s
INFO - Outer iterations: 3
INFO - Solver initialization time: 3.225s
INFO - Obtain partial scheduler time: 92.628s
INFO - Update solver to extend partial scheduler time: 4.852s
INFO - Update solver with new scheduler time: 0.078s
INFO - Winning regions update time: 0.003s
INFO - Graph search time: 0.279s
INFO - Time for POMDP analysis: 167.446ss.

