INFO - Engine sparse can not handle formula 'Pmax=? ["notbad" U "goal"]' on models of type pomdp.
INFO - Analyzing property 'Pmax=? ["notbad" U "goal"]'

INFO - -------------------------------------------------------------- 
Model type: 	POMDP (sparse)
States: 	4232
Transitions: 	28866
Choices: 	12400
Observations: 	2202
Reward Models:  none
State Labels: 	5 labels
   * deadlock -> 0 item(s)
   * traps -> 89 item(s)
   * init -> 1 item(s)
   * notbad -> 4143 item(s)
   * goal -> 60 item(s)
Choice Labels: 	7 labels
   * scan -> 2042 item(s)
   * west -> 2042 item(s)
   * east -> 2042 item(s)
   * south -> 2042 item(s)
   * north -> 2042 item(s)
   * adv -> 2042 item(s)
   * placement -> 1 item(s)
-------------------------------------------------------------- 

INFO - Start intializing solver...
INFO - Start iterative solver...
INFO - From initial state, one can almost-surely reach the target.
INFO - Write to file evade-6-2-initial.wr.

INFO - Initial state is safe: 1
INFO - Total time: 48.857s
INFO - SAT Calls 1
INFO - SAT Calls time: 44.386s
INFO - Outer iterations: 1
INFO - Solver initialization time: 4.364s
INFO - Obtain partial scheduler time: 0.083s
INFO - Update solver to extend partial scheduler time: 0.016s
INFO - Update solver with new scheduler time: 0.000s
INFO - Winning regions update time: 0.000s
INFO - Graph search time: 0.000s
INFO - Time for POMDP analysis: 49.060ss.

