INFO - Engine sparse can not handle formula 'Pmax=? ["notbad" U "goal"]' on models of type pomdp.
INFO - Analyzing property 'Pmax=? ["notbad" U "goal"]'

INFO - -------------------------------------------------------------- 
Model type: 	POMDP (sparse)
States: 	4232
Transitions: 	28866
Choices: 	12400
Observations: 	2202
Reward Models:  none
State Labels: 	5 labels
   * deadlock -> 0 item(s)
   * traps -> 89 item(s)
   * init -> 1 item(s)
   * notbad -> 4143 item(s)
   * goal -> 60 item(s)
Choice Labels: 	7 labels
   * scan -> 2042 item(s)
   * west -> 2042 item(s)
   * east -> 2042 item(s)
   * south -> 2042 item(s)
   * north -> 2042 item(s)
   * adv -> 2042 item(s)
   * placement -> 1 item(s)
-------------------------------------------------------------- 

INFO - Start intializing solver...
INFO - Start iterative solver...
INFO - Reset solver to restart with current winning region
INFO - Start intializing solver...
INFO - Start iterative solver...
INFO - Reset solver to restart with current winning region
INFO - Start intializing solver...
INFO - Start iterative solver...
INFO - ... after iteration 3 so far 680 checks.
INFO - Write to file evade-6-2-fixpoint.wr.

INFO - Initial state is safe: 1
INFO - Total time: 142.036s
INFO - SAT Calls 681
INFO - SAT Calls time: 88.906s
INFO - Outer iterations: 4
INFO - Solver initialization time: 6.238s
INFO - Obtain partial scheduler time: 43.457s
INFO - Update solver to extend partial scheduler time: 2.992s
INFO - Update solver with new scheduler time: 0.042s
INFO - Winning regions update time: 0.005s
INFO - Graph search time: 0.113s
INFO - Time for POMDP analysis: 142.157ss.

