INFO - Engine sparse can not handle formula 'Pmax=? ["notbad" U "goal"]' on models of type pomdp.
INFO - Analyzing property 'Pmax=? ["notbad" U "goal"]'

INFO - -------------------------------------------------------------- 
Model type: 	POMDP (sparse)
States: 	65
Transitions: 	421
Choices: 	239
Observations: 	4
Reward Models:  none
State Labels: 	5 labels
   * deadlock -> 0 item(s)
   * traps -> 5 item(s)
   * init -> 1 item(s)
   * notbad -> 60 item(s)
   * goal -> 1 item(s)
Choice Labels: 	5 labels
   * west -> 58 item(s)
   * east -> 58 item(s)
   * north -> 58 item(s)
   * south -> 58 item(s)
   * placement -> 1 item(s)
-------------------------------------------------------------- 

INFO - Start intializing solver...
INFO - Start iterative solver...
INFO - ... after iteration 1 so far 9 checks.
INFO - ... after iteration 2 so far 23 checks.
INFO - ... after iteration 3 so far 42 checks.
INFO - ... after iteration 4 so far 66 checks.
INFO - ... after iteration 5 so far 84 checks.
INFO - ... after iteration 6 so far 102 checks.
INFO - ... after iteration 7 so far 122 checks.
INFO - ... after iteration 8 so far 143 checks.
INFO - ... after iteration 9 so far 165 checks.
INFO - ... after iteration 10 so far 194 checks.
INFO - ... after iteration 11 so far 228 checks.
INFO - From initial state, one can almost-surely reach the target.
INFO - Write to file obstacle-8-initial.wr.

INFO - Initial state is safe: 1
INFO - Total time: 0.620s
INFO - SAT Calls 229
INFO - SAT Calls time: 0.385s
INFO - Outer iterations: 12
INFO - Solver initialization time: 0.039s
INFO - Obtain partial scheduler time: 0.134s
INFO - Update solver to extend partial scheduler time: 0.032s
INFO - Update solver with new scheduler time: 0.024s
INFO - Winning regions update time: 0.001s
INFO - Graph search time: 0.000s
INFO - Time for POMDP analysis: 0.625ss.

