INFO - Engine sparse can not handle formula 'Pmax=? ["notbad" U "goal"]' on models of type pomdp.
INFO - Analyzing property 'Pmax=? ["notbad" U "goal"]'

INFO - -------------------------------------------------------------- 
Model type: 	POMDP (sparse)
States: 	270
Transitions: 	1301
Choices: 	755
Observations: 	36
Reward Models:  none
State Labels: 	6 labels
   * traps -> 7 item(s)
   * init -> 1 item(s)
   * stationvisit -> 25 item(s)
   * deadlock -> 0 item(s)
   * notbad -> 231 item(s)
   * goal -> 7 item(s)
Choice Labels: 	6 labels
   * refuel -> 21 item(s)
   * west -> 171 item(s)
   * east -> 173 item(s)
   * south -> 173 item(s)
   * north -> 171 item(s)
   * placement -> 1 item(s)
-------------------------------------------------------------- 

INFO - Start intializing solver...
INFO - Start iterative solver...
INFO - Reset solver to restart with current winning region
INFO - Start intializing solver...
INFO - Start iterative solver...
INFO - From initial state, one can almost-surely reach the target.
INFO - Write to file refuel-6-8-initial.wr.

INFO - Initial state is safe: 1
INFO - Total time: 2.062s
INFO - SAT Calls 62
INFO - SAT Calls time: 1.714s
INFO - Outer iterations: 2
INFO - Solver initialization time: 0.184s
INFO - Obtain partial scheduler time: 0.136s
INFO - Update solver to extend partial scheduler time: 0.017s
INFO - Update solver with new scheduler time: 0.000s
INFO - Winning regions update time: 0.000s
INFO - Graph search time: 0.000s
INFO - Time for POMDP analysis: 2.068ss.

