INFO:__main__:Look up problem definition....
INFO:__main__:Load winning region...
INFO:__main__:Loading problem definition....
INFO:__main__:Construct POMDP representation...
INFO:rlshield.model_simulator:Start new episode.
INFO:rlshield.model_simulator:Start new episode.
INFO:rlshield.model_simulator:Start new episode.
INFO:rlshield.model_simulator:Start new episode.
INFO:rlshield.model_simulator:Start new episode.
INFO:rlshield.model_simulator:Start new episode.
INFO:rlshield.model_simulator:Done after 28 steps!
INFO:rlshield.model_simulator:Start new episode.
INFO:rlshield.model_simulator:Done after 23 steps!
INFO:rlshield.model_simulator:Start new episode.
INFO:rlshield.model_simulator:Done after 25 steps!
INFO:rlshield.model_simulator:Start new episode.
INFO:rlshield.model_simulator:Start new episode.
INFO:rlshield.model_simulator:Start new episode.
INFO:rlshield.model_simulator:Done after 149 steps!
INFO:rlshield.model_simulator:Start new episode.
INFO:rlshield.model_simulator:Done after 34 steps!
INFO:rlshield.recorder:Rendering newvideos/obstacle-8-fixpoint-0.mp4
INFO:matplotlib.animation:figure size in inches has been adjusted from 6.3999999999999995 x 4.8 to 6.4 x 4.8
INFO:matplotlib.animation:MovieWriter._run: running command: ffmpeg -f rawvideo -vcodec rawvideo -s 640x480 -pix_fmt rgba -r 3 -loglevel error -i pipe: -vcodec h264 -pix_fmt yuv420p -y newvideos/obstacle-8-fixpoint-0.mp4
INFO:rlshield.recorder:Rendering newvideos/obstacle-8-fixpoint-1.mp4
INFO:matplotlib.animation:figure size in inches has been adjusted from 6.3999999999999995 x 4.8 to 6.4 x 4.8
INFO:matplotlib.animation:MovieWriter._run: running command: ffmpeg -f rawvideo -vcodec rawvideo -s 640x480 -pix_fmt rgba -r 3 -loglevel error -i pipe: -vcodec h264 -pix_fmt yuv420p -y newvideos/obstacle-8-fixpoint-1.mp4
INFO:rlshield.recorder:Rendering newvideos/obstacle-8-fixpoint-2.mp4
INFO:matplotlib.animation:figure size in inches has been adjusted from 6.3999999999999995 x 4.8 to 6.4 x 4.8
INFO:matplotlib.animation:MovieWriter._run: running command: ffmpeg -f rawvideo -vcodec rawvideo -s 640x480 -pix_fmt rgba -r 3 -loglevel error -i pipe: -vcodec h264 -pix_fmt yuv420p -y newvideos/obstacle-8-fixpoint-2.mp4
INFO:rlshield.recorder:Rendering newvideos/obstacle-8-fixpoint-3.mp4
INFO:matplotlib.animation:figure size in inches has been adjusted from 6.3999999999999995 x 4.8 to 6.4 x 4.8
INFO:matplotlib.animation:MovieWriter._run: running command: ffmpeg -f rawvideo -vcodec rawvideo -s 640x480 -pix_fmt rgba -r 3 -loglevel error -i pipe: -vcodec h264 -pix_fmt yuv420p -y newvideos/obstacle-8-fixpoint-3.mp4
INFO:rlshield.recorder:Rendering newvideos/obstacle-8-fixpoint-4.mp4
INFO:matplotlib.animation:figure size in inches has been adjusted from 6.3999999999999995 x 4.8 to 6.4 x 4.8
INFO:matplotlib.animation:MovieWriter._run: running command: ffmpeg -f rawvideo -vcodec rawvideo -s 640x480 -pix_fmt rgba -r 3 -loglevel error -i pipe: -vcodec h264 -pix_fmt yuv420p -y newvideos/obstacle-8-fixpoint-4.mp4
